INFO:root:
INFO:root:START GOOGLE SCRAPING May 27, 2014, 04:58:40:672000 PM
INFO:root:
INFO:root:-------------------- New Search Query ------------------------
INFO:root:{'lang': u'en', 'results_per_page': 10L, 'results_cnt': 100L, 'tld': u'com', 'keywords': u'Toronto Auto Glass ', 'id': 103L}
INFO:root:set([11L])
DEBUG:root:page:0 pos in page:0 site pos:0
DEBUG:root:page:0 pos in page:1 site pos:1
DEBUG:root:page:0 pos in page:2 site pos:2
DEBUG:root:page:0 pos in page:3 site pos:3
DEBUG:root:page:0 pos in page:4 site pos:4
DEBUG:root:page:0 pos in page:5 site pos:5
DEBUG:root:page:0 pos in page:6 site pos:6
DEBUG:root:page:0 pos in page:7 site pos:7
DEBUG:root:page:0 pos in page:8 site pos:8
DEBUG:root:page:0 pos in page:9 site pos:9
INFO:root:Rank found for site http://autoglassrepairs.ca: rank - 9, link -  http://autoglassrepairs.ca/
INFO:root:-------------------- New Search Query ------------------------
INFO:root:{'lang': u'en', 'results_per_page': 10L, 'results_cnt': 100L, 'tld': u'com', 'keywords': u'landscaping', 'id': 90L}
INFO:root:set([10L])
DEBUG:root:page:0 pos in page:0 site pos:0
DEBUG:root:page:0 pos in page:1 site pos:1
DEBUG:root:page:0 pos in page:2 site pos:2
DEBUG:root:page:0 pos in page:3 site pos:3
DEBUG:root:page:0 pos in page:4 site pos:4
DEBUG:root:page:0 pos in page:5 site pos:5
DEBUG:root:page:0 pos in page:6 site pos:6
DEBUG:root:page:0 pos in page:7 site pos:7
DEBUG:root:page:0 pos in page:8 site pos:8
DEBUG:root:page:0 pos in page:9 site pos:9
DEBUG:root:page:1 pos in page:0 site pos:10
DEBUG:root:page:1 pos in page:1 site pos:11
DEBUG:root:page:1 pos in page:2 site pos:12
DEBUG:root:page:1 pos in page:3 site pos:13
DEBUG:root:page:1 pos in page:4 site pos:14
DEBUG:root:page:1 pos in page:5 site pos:15
DEBUG:root:page:1 pos in page:6 site pos:16
DEBUG:root:page:1 pos in page:7 site pos:17
DEBUG:root:page:1 pos in page:8 site pos:18
DEBUG:root:page:1 pos in page:9 site pos:19
DEBUG:root:page:2 pos in page:0 site pos:20
DEBUG:root:page:2 pos in page:1 site pos:21
DEBUG:root:page:2 pos in page:2 site pos:22
DEBUG:root:page:2 pos in page:3 site pos:23
DEBUG:root:page:2 pos in page:4 site pos:24
DEBUG:root:page:2 pos in page:5 site pos:25
DEBUG:root:page:2 pos in page:6 site pos:26
DEBUG:root:page:2 pos in page:7 site pos:27
DEBUG:root:page:2 pos in page:8 site pos:28
DEBUG:root:page:2 pos in page:9 site pos:29
INFO:root:
INFO:root:START GOOGLE SCRAPING May 27, 2014, 05:00:42:432000 PM
INFO:root:
INFO:root:-------------------- New Search Query ------------------------
INFO:root:{'lang': u'en', 'results_per_page': 10L, 'results_cnt': 100L, 'tld': u'com', 'keywords': u'Toronto Auto Glass ', 'id': 103L}
INFO:root:set([11L])
INFO:root:Rank found for site http://autoglassrepairs.ca: rank - 9, link -  http://autoglassrepairs.ca/
INFO:root:-------------------- New Search Query ------------------------
INFO:root:{'lang': u'en', 'results_per_page': 10L, 'results_cnt': 100L, 'tld': u'com', 'keywords': u'liquid de-icer', 'id': 142L}
INFO:root:set([15L])
INFO:root:
INFO:root:START GOOGLE SCRAPING Jun 04, 2014, 05:03:05:234000 PM
INFO:root:
INFO:root:-------------------- New Search Query ------------------------
INFO:root:{'lang': u'en', 'keywords_id': 212L, 'group_name': u'Ashlarlandscapes', 'results_per_page': 10L, 'results_cnt': 100L, 'tld': u'com', 'keywords': u'snow removal service oakville', 'group_id': 35L}
INFO:root:set([34L])
INFO:root:
INFO:root:START GOOGLE SCRAPING Jun 04, 2014, 05:05:31:683000 PM
INFO:root:
INFO:root:-------------------- New Search Query ------------------------
INFO:root:{'lang': u'en', 'keywords_id': 188L, 'group_name': u'Autoglassrepairs', 'results_per_page': 10L, 'results_cnt': 100L, 'tld': u'ca', 'keywords': u'AutoGlass Repair Toronto', 'group_id': 33L}
INFO:root:set([32L])
INFO:root:Rank found for site http://autoglassrepairs.ca: rank - 7, link -  http://autoglassrepairs.ca/
INFO:root:-------------------- New Search Query ------------------------
INFO:root:{'lang': u'en', 'keywords_id': 222L, 'group_name': u'Ccproducts', 'results_per_page': 10L, 'results_cnt': 100L, 'tld': u'ca', 'keywords': u'natural stone sealer', 'group_id': 36L}
INFO:root:set([35L])
INFO:root:-------------------- New Search Query ------------------------
INFO:root:{'lang': u'en', 'keywords_id': 243L, 'group_name': u'Bodybijou', 'results_per_page': 10L, 'results_cnt': 100L, 'tld': u'com', 'keywords': u'ringalet', 'group_id': 37L}
INFO:root:set([36L])
INFO:root:-------------------- New Search Query ------------------------
INFO:root:{'lang': u'en', 'keywords_id': 236L, 'group_name': u'Bodybijou', 'results_per_page': 10L, 'results_cnt': 100L, 'tld': u'com', 'keywords': u'body necklace', 'group_id': 37L}
INFO:root:set([36L])
INFO:root:-------------------- New Search Query ------------------------
INFO:root:{'lang': u'en', 'keywords_id': 226L, 'group_name': u'Ccproducts', 'results_per_page': 10L, 'results_cnt': 100L, 'tld': u'ca', 'keywords': u'stone veneer panels', 'group_id': 36L}
INFO:root:set([35L])
INFO:root:-------------------- New Search Query ------------------------
INFO:root:{'lang': u'en', 'keywords_id': 263L, 'group_name': u'test_group_170614', 'results_per_page': 10L, 'results_cnt': 100L, 'tld': u'com', 'keywords': u'test keywords', 'group_id': 40L}
INFO:root:set([39L])
INFO:root:-------------------- New Search Query ------------------------
INFO:root:{'lang': u'en', 'keywords_id': 230L, 'group_name': u'Bodybijou', 'results_per_page': 10L, 'results_cnt': 100L, 'tld': u'com', 'keywords': u'belly chains', 'group_id': 37L}
INFO:root:set([36L])
INFO:root:-------------------- New Search Query ------------------------
INFO:root:{'lang': u'en', 'keywords_id': 200L, 'group_name': u'Ashlarlandscapes', 'results_per_page': 10L, 'results_cnt': 100L, 'tld': u'com', 'keywords': u'ancaster landscaping', 'group_id': 35L}
INFO:root:set([34L])
INFO:root:-------------------- New Search Query ------------------------
INFO:root:{'lang': u'en', 'keywords_id': 229L, 'group_name': u'Bodybijou', 'results_per_page': 10L, 'results_cnt': 100L, 'tld': u'com', 'keywords': u'belly chain', 'group_id': 37L}
INFO:root:set([36L])
INFO:root:-------------------- New Search Query ------------------------
INFO:root:{'lang': u'en', 'keywords_id': 231L, 'group_name': u'Bodybijou', 'results_per_page': 10L, 'results_cnt': 100L, 'tld': u'com', 'keywords': u'body chain', 'group_id': 37L}
INFO:root:set([36L])
INFO:root:-------------------- New Search Query ------------------------
INFO:root:{'lang': u'en', 'keywords_id': 192L, 'group_name': u'Autoglassrepairs', 'results_per_page': 10L, 'results_cnt': 100L, 'tld': u'ca', 'keywords': u'Toronto Auto Glass ', 'group_id': 33L}
INFO:root:set([32L])
INFO:root:Rank found for site http://autoglassrepairs.ca: rank - 9, link -  http://autoglassrepairs.ca/
INFO:root:-------------------- New Search Query ------------------------
INFO:root:{'lang': u'en', 'keywords_id': 247L, 'group_name': u'Bodybijou', 'results_per_page': 10L, 'results_cnt': 100L, 'tld': u'com', 'keywords': u'waist chain', 'group_id': 37L}
INFO:root:set([36L])
INFO:root:-------------------- New Search Query ------------------------
INFO:root:{'lang': u'en', 'keywords_id': 249L, 'group_name': u'Bountifulfruitarrangements', 'results_per_page': 10L, 'results_cnt': 100L, 'tld': u'com', 'keywords': u'edible arrangements', 'group_id': 38L}
INFO:root:set([37L])
INFO:root:-------------------- New Search Query ------------------------
INFO:root:{'lang': u'en', 'keywords_id': 252L, 'group_name': u'Bountifulfruitarrangements', 'results_per_page': 10L, 'results_cnt': 100L, 'tld': u'com', 'keywords': u'Fruit Baskets Toronto', 'group_id': 38L}
INFO:root:set([37L])
INFO:root:-------------------- New Search Query ------------------------
INFO:root:{'lang': u'en', 'keywords_id': 193L, 'group_name': u'Autoglassrepairs', 'results_per_page': 10L, 'results_cnt': 100L, 'tld': u'ca', 'keywords': u'Toronto Auto Glass Repair', 'group_id': 33L}
INFO:root:set([32L])
INFO:root:Rank found for site http://autoglassrepairs.ca: rank - 9, link -  http://autoglassrepairs.ca/
INFO:root:-------------------- New Search Query ------------------------
INFO:root:{'lang': u'en', 'keywords_id': 255L, 'group_name': u'Aroundafricasafari', 'results_per_page': 10L, 'results_cnt': 100L, 'tld': u'com', 'keywords': u'African Safaris', 'group_id': 39L}
INFO:root:set([38L])
INFO:root:-------------------- New Search Query ------------------------
INFO:root:{'lang': u'en', 'keywords_id': 245L, 'group_name': u'Bodybijou', 'results_per_page': 10L, 'results_cnt': 100L, 'tld': u'com', 'keywords': u'shoulder necklace', 'group_id': 37L}
INFO:root:set([36L])
INFO:root:-------------------- New Search Query ------------------------
INFO:root:{'lang': u'en', 'keywords_id': 265L, 'group_name': u'test_group_216886', 'results_per_page': 10L, 'results_cnt': 100L, 'tld': u'com', 'keywords': u'test keywords', 'group_id': 42L}
INFO:root:set([41L])
INFO:root:-------------------- New Search Query ------------------------
INFO:root:{'lang': u'en', 'keywords_id': 256L, 'group_name': u'Aroundafricasafari', 'results_per_page': 10L, 'results_cnt': 100L, 'tld': u'com', 'keywords': u'African Safari Tours', 'group_id': 39L}
INFO:root:set([38L])
INFO:root:
INFO:root:START GOOGLE SCRAPING Jun 04, 2014, 06:03:12:230000 PM
INFO:root:
INFO:root:-------------------- New Search Query ------------------------
INFO:root:{'lang': u'en', 'keywords_id': 209L, 'group_name': u'Ashlarlandscapes', 'results_per_page': 10L, 'results_cnt': 100L, 'tld': u'com', 'keywords': u'oakville landscaping company', 'group_id': 35L}
INFO:root:set([34L])
INFO:root:-------------------- New Search Query ------------------------
INFO:root:{'lang': u'en', 'keywords_id': 202L, 'group_name': u'Ashlarlandscapes', 'results_per_page': 10L, 'results_cnt': 100L, 'tld': u'com', 'keywords': u'burlington landscaping', 'group_id': 35L}
INFO:root:set([34L])
INFO:root:-------------------- New Search Query ------------------------
INFO:root:{'lang': u'en', 'keywords_id': 211L, 'group_name': u'Ashlarlandscapes', 'results_per_page': 10L, 'results_cnt': 100L, 'tld': u'com', 'keywords': u'snow removal burlington', 'group_id': 35L}
INFO:root:set([34L])
INFO:root:-------------------- New Search Query ------------------------
INFO:root:{'lang': u'en', 'keywords_id': 233L, 'group_name': u'Bodybijou', 'results_per_page': 10L, 'results_cnt': 100L, 'tld': u'com', 'keywords': u'body chain necklace', 'group_id': 37L}
INFO:root:set([36L])
INFO:root:-------------------- New Search Query ------------------------
INFO:root:{'lang': u'en', 'keywords_id': 191L, 'group_name': u'Autoglassrepairs', 'results_per_page': 10L, 'results_cnt': 100L, 'tld': u'ca', 'keywords': u'Toronto AutoGlass', 'group_id': 33L}
INFO:root:set([32L])
INFO:root:Rank found for site http://autoglassrepairs.ca: rank - 8, link -  http://autoglassrepairs.ca/
INFO:root:-------------------- New Search Query ------------------------
INFO:root:{'lang': u'en', 'keywords_id': 221L, 'group_name': u'Ccproducts', 'results_per_page': 10L, 'results_cnt': 100L, 'tld': u'ca', 'keywords': u'natural stone ledgestone', 'group_id': 36L}
INFO:root:set([35L])
INFO:root:-------------------- New Search Query ------------------------
INFO:root:{'lang': u'en', 'keywords_id': 210L, 'group_name': u'Ashlarlandscapes', 'results_per_page': 10L, 'results_cnt': 100L, 'tld': u'com', 'keywords': u'snow and ice removal', 'group_id': 35L}
INFO:root:set([34L])
INFO:root:-------------------- New Search Query ------------------------
INFO:root:{'lang': u'en', 'keywords_id': 241L, 'group_name': u'Bodybijou', 'results_per_page': 10L, 'results_cnt': 100L, 'tld': u'com', 'keywords': u'jewelry online', 'group_id': 37L}
INFO:root:set([36L])
INFO:root:
INFO:root:START GOOGLE SCRAPING Jun 04, 2014, 06:22:21:743000 PM
INFO:root:
INFO:root:-------------------- New Search Query ------------------------
INFO:root:{'lang': u'en', 'keywords_id': 260L, 'group_name': u'Aroundafricasafari', 'results_per_page': 10L, 'results_cnt': 100L, 'tld': u'com', 'keywords': u'Safari Tours Uganda', 'group_id': 39L}
INFO:root:set([38L])
INFO:root:-------------------- New Search Query ------------------------
INFO:root:{'lang': u'en', 'keywords_id': 250L, 'group_name': u'Bountifulfruitarrangements', 'results_per_page': 10L, 'results_cnt': 100L, 'tld': u'com', 'keywords': u'edible fruit arrangements', 'group_id': 38L}
INFO:root:set([37L])
INFO:root:Rank found for site http://aroundafricasafari.com: rank - 54, link -  http://aroundafricasafari.com/
INFO:root:-------------------- New Search Query ------------------------
INFO:root:{'lang': u'en', 'keywords_id': 238L, 'group_name': u'Bodybijou', 'results_per_page': 10L, 'results_cnt': 100L, 'tld': u'com', 'keywords': u'bracelet with ring attached', 'group_id': 37L}
INFO:root:set([36L])
INFO:root:-------------------- New Search Query ------------------------
INFO:root:{'lang': u'en', 'keywords_id': 198L, 'group_name': u'Brinkleydentalgroup', 'results_per_page': 10L, 'results_cnt': 100L, 'tld': u'com', 'keywords': u'dentist in brampton', 'group_id': 34L}
INFO:root:set([33L])
INFO:root:-------------------- New Search Query ------------------------
INFO:root:{'lang': u'en', 'keywords_id': 221L, 'group_name': u'Ccproducts', 'results_per_page': 10L, 'results_cnt': 100L, 'tld': u'ca', 'keywords': u'natural stone ledgestone', 'group_id': 36L}
INFO:root:set([35L])
INFO:root:
INFO:root:START GOOGLE SCRAPING Jun 05, 2014, 04:31:02:569000 PM
INFO:root:
INFO:root:-------------------- New Search Query ------------------------
INFO:root:{'lang': u'en', 'keywords_id': 258L, 'group_name': u'Aroundafricasafari', 'results_per_page': 10L, 'results_cnt': 100L, 'tld': u'com', 'keywords': u'Safaris in Africa', 'group_id': 39L}
INFO:root:set([38L])
INFO:root:
INFO:root:START GOOGLE SCRAPING Jun 05, 2014, 04:32:16:742000 PM
INFO:root:
INFO:root:-------------------- New Search Query ------------------------
INFO:root:{'lang': u'en', 'keywords_id': 248L, 'group_name': u'Bodybijou', 'results_per_page': 10L, 'results_cnt': 100L, 'tld': u'com', 'keywords': u'waist chains', 'group_id': 37L}
INFO:root:set([36L])
INFO:root:
INFO:root:START GOOGLE SCRAPING Jun 05, 2014, 04:33:37:795000 PM
INFO:root:
INFO:root:-------------------- New Search Query ------------------------
INFO:root:{'lang': u'en', 'keywords_id': 255L, 'group_name': u'Aroundafricasafari', 'results_per_page': 10L, 'results_cnt': 100L, 'tld': u'com', 'keywords': u'African Safaris', 'group_id': 39L}
INFO:root:set([38L])
INFO:root:
INFO:root:START GOOGLE SCRAPING Jun 05, 2014, 04:36:08:324000 PM
INFO:root:
INFO:root:-------------------- New Search Query ------------------------
INFO:root:{'lang': u'en', 'keywords_id': 219L, 'group_name': u'Ccproducts', 'results_per_page': 10L, 'results_cnt': 100L, 'tld': u'ca', 'keywords': u'liquid de-icers', 'group_id': 36L}
INFO:root:set([35L])
INFO:root:
INFO:root:START GOOGLE SCRAPING Jun 05, 2014, 04:41:47:780000 PM
INFO:root:
INFO:root:-------------------- New Search Query ------------------------
INFO:root:{'lang': u'en', 'keywords_id': 250L, 'group_name': u'Bountifulfruitarrangements', 'results_per_page': 10L, 'results_cnt': 100L, 'tld': u'com', 'keywords': u'edible fruit arrangements', 'group_id': 38L}
INFO:root:set([37L])
INFO:root:-------------------- New Search Query ------------------------
INFO:root:{'lang': u'en', 'keywords_id': 231L, 'group_name': u'Bodybijou', 'results_per_page': 10L, 'results_cnt': 100L, 'tld': u'com', 'keywords': u'body chain', 'group_id': 37L}
INFO:root:set([36L])
INFO:root:-------------------- New Search Query ------------------------
INFO:root:{'lang': u'en', 'keywords_id': 207L, 'group_name': u'Ashlarlandscapes', 'results_per_page': 10L, 'results_cnt': 100L, 'tld': u'com', 'keywords': u'mississauga landscaping', 'group_id': 35L}
INFO:root:set([34L])
INFO:root:-------------------- New Search Query ------------------------
INFO:root:{'lang': u'en', 'keywords_id': 237L, 'group_name': u'Bodybijou', 'results_per_page': 10L, 'results_cnt': 100L, 'tld': u'com', 'keywords': u'bracelet with ring', 'group_id': 37L}
INFO:root:set([36L])
INFO:root:
INFO:root:START GOOGLE SCRAPING Jun 05, 2014, 05:47:54:640000 PM
INFO:root:
INFO:root:-------------------- New Search Query ------------------------
INFO:root:{'lang': u'en', 'keywords_id': 191L, 'group_name': u'Autoglassrepairs', 'results_per_page': 10L, 'results_cnt': 100L, 'tld': u'ca', 'keywords': u'Toronto AutoGlass', 'group_id': 33L}
INFO:root:set([32L])
INFO:root:Rank found for site http://autoglassrepairs.ca: rank - 8, link -  http://autoglassrepairs.ca/
INFO:root:-------------------- New Search Query ------------------------
INFO:root:{'lang': u'en', 'keywords_id': 220L, 'group_name': u'Ccproducts', 'results_per_page': 10L, 'results_cnt': 100L, 'tld': u'ca', 'keywords': u'natural stone', 'group_id': 36L}
INFO:root:set([35L])
INFO:root:
INFO:root:START GOOGLE SCRAPING Jun 05, 2014, 09:52:58:510000 PM
INFO:root:
INFO:root:-------------------- New Search Query ------------------------
INFO:root:{'lang': u'en', 'keywords_id': 230L, 'group_name': u'Bodybijou', 'results_per_page': 10L, 'results_cnt': 100L, 'tld': u'com', 'keywords': u'belly chains', 'group_id': 37L}
INFO:root:set([36L])
INFO:root:
INFO:root:START GOOGLE SCRAPING Jun 05, 2014, 09:56:18:167000 PM
INFO:root:
INFO:root:-------------------- New Search Query ------------------------
INFO:root:{'lang': u'en', 'keywords_id': 194L, 'group_name': u'Autoglassrepairs', 'results_per_page': 10L, 'results_cnt': 100L, 'tld': u'ca', 'keywords': u'Toronto AutoGlass Repair', 'group_id': 33L}
INFO:root:set([32L])
INFO:root:Rank found for site http://autoglassrepairs.ca: rank - 9, link -  http://autoglassrepairs.ca/
INFO:root:-------------------- New Search Query ------------------------
INFO:root:{'lang': u'en', 'keywords_id': 193L, 'group_name': u'Autoglassrepairs', 'results_per_page': 10L, 'results_cnt': 100L, 'tld': u'ca', 'keywords': u'Toronto Auto Glass Repair', 'group_id': 33L}
INFO:root:set([32L])
INFO:root:Rank found for site http://autoglassrepairs.ca: rank - 9, link -  http://autoglassrepairs.ca/
INFO:root:-------------------- New Search Query ------------------------
INFO:root:{'lang': u'en', 'keywords_id': 230L, 'group_name': u'Bodybijou', 'results_per_page': 10L, 'results_cnt': 100L, 'tld': u'com', 'keywords': u'belly chains', 'group_id': 37L}
INFO:root:set([36L])
INFO:root:-------------------- New Search Query ------------------------
INFO:root:{'lang': u'en', 'keywords_id': 190L, 'group_name': u'Autoglassrepairs', 'results_per_page': 10L, 'results_cnt': 100L, 'tld': u'ca', 'keywords': u'AutoGlass Toronto', 'group_id': 33L}
INFO:root:set([32L])
INFO:root:Rank found for site http://autoglassrepairs.ca: rank - 4, link -  http://autoglassrepairs.ca/
INFO:root:-------------------- New Search Query ------------------------
INFO:root:{'lang': u'en', 'keywords_id': 195L, 'group_name': u'Brinkleydentalgroup', 'results_per_page': 10L, 'results_cnt': 100L, 'tld': u'com', 'keywords': u'best dentist in brampton', 'group_id': 34L}
INFO:root:set([33L])
INFO:root:-------------------- New Search Query ------------------------
INFO:root:{'lang': u'en', 'keywords_id': 254L, 'group_name': u'Bountifulfruitarrangements', 'results_per_page': 10L, 'results_cnt': 100L, 'tld': u'com', 'keywords': u'Toronto Edible Fruit Arrangements', 'group_id': 38L}
INFO:root:set([37L])
INFO:root:-------------------- New Search Query ------------------------
INFO:root:{'lang': u'en', 'keywords_id': 235L, 'group_name': u'Bodybijou', 'results_per_page': 10L, 'results_cnt': 100L, 'tld': u'com', 'keywords': u'body jewelry', 'group_id': 37L}
INFO:root:set([36L])
INFO:root:
INFO:root:START GOOGLE SCRAPING Jun 05, 2014, 10:08:32:379000 PM
INFO:root:
INFO:root:-------------------- New Search Query ------------------------
INFO:root:{'lang': u'en', 'keywords_id': 193L, 'group_name': u'Autoglassrepairs', 'results_per_page': 10L, 'results_cnt': 100L, 'tld': u'ca', 'keywords': u'Toronto Auto Glass Repair', 'group_id': 33L}
INFO:root:set([32L])
INFO:root:Rank found for site http://autoglassrepairs.ca: rank - 9, link -  http://autoglassrepairs.ca/
INFO:root:-------------------- New Search Query ------------------------
INFO:root:{'lang': u'en', 'keywords_id': 205L, 'group_name': u'Ashlarlandscapes', 'results_per_page': 10L, 'results_cnt': 100L, 'tld': u'com', 'keywords': u'landscaping', 'group_id': 35L}
INFO:root:set([34L])
INFO:root:-------------------- New Search Query ------------------------
INFO:root:{'lang': u'en', 'keywords_id': 218L, 'group_name': u'Ccproducts', 'results_per_page': 10L, 'results_cnt': 100L, 'tld': u'ca', 'keywords': u'liquid de-icer', 'group_id': 36L}
INFO:root:set([35L])
INFO:root:-------------------- New Search Query ------------------------
INFO:root:{'lang': u'en', 'keywords_id': 217L, 'group_name': u'Ccproducts', 'results_per_page': 10L, 'results_cnt': 100L, 'tld': u'ca', 'keywords': u'expansion joint filler', 'group_id': 36L}
INFO:root:set([35L])
INFO:root:-------------------- New Search Query ------------------------
INFO:root:{'lang': u'en', 'keywords_id': 257L, 'group_name': u'Aroundafricasafari', 'results_per_page': 10L, 'results_cnt': 100L, 'tld': u'com', 'keywords': u'Africa Safaris', 'group_id': 39L}
INFO:root:set([38L])
INFO:root:-------------------- New Search Query ------------------------
INFO:root:{'lang': u'en', 'keywords_id': 228L, 'group_name': u'Ccproducts', 'results_per_page': 10L, 'results_cnt': 100L, 'tld': u'ca', 'keywords': u'winter products ', 'group_id': 36L}
INFO:root:set([35L])
INFO:root:
INFO:root:START GOOGLE SCRAPING Jun 05, 2014, 10:27:56:703000 PM
INFO:root:
INFO:root:-------------------- New Search Query ------------------------
INFO:root:{'lang': u'en', 'keywords_id': 189L, 'group_name': u'Autoglassrepairs', 'results_per_page': 10L, 'results_cnt': 100L, 'tld': u'ca', 'keywords': u'Auto Glass Toronto', 'group_id': 33L}
INFO:root:set([32L])
INFO:root:Rank found for site http://autoglassrepairs.ca: rank - 7, link -  http://autoglassrepairs.ca/
INFO:root:-------------------- New Search Query ------------------------
INFO:root:{'lang': u'en', 'keywords_id': 213L, 'group_name': u'Ccproducts', 'results_per_page': 10L, 'results_cnt': 100L, 'tld': u'ca', 'keywords': u'concrete expansion joint filler', 'group_id': 36L}
INFO:root:set([35L])
INFO:root:-------------------- New Search Query ------------------------
INFO:root:{'lang': u'en', 'keywords_id': 250L, 'group_name': u'Bountifulfruitarrangements', 'results_per_page': 10L, 'results_cnt': 100L, 'tld': u'com', 'keywords': u'edible fruit arrangements', 'group_id': 38L}
INFO:root:set([37L])
INFO:root:-------------------- New Search Query ------------------------
INFO:root:{'lang': u'en', 'keywords_id': 206L, 'group_name': u'Ashlarlandscapes', 'results_per_page': 10L, 'results_cnt': 100L, 'tld': u'com', 'keywords': u'landscaping companies', 'group_id': 35L}
INFO:root:set([34L])
INFO:root:-------------------- New Search Query ------------------------
INFO:root:{'lang': u'en', 'keywords_id': 256L, 'group_name': u'Aroundafricasafari', 'results_per_page': 10L, 'results_cnt': 100L, 'tld': u'com', 'keywords': u'African Safari Tours', 'group_id': 39L}
INFO:root:set([38L])
INFO:root:-------------------- New Search Query ------------------------
INFO:root:{'lang': u'en', 'keywords_id': 247L, 'group_name': u'Bodybijou', 'results_per_page': 10L, 'results_cnt': 100L, 'tld': u'com', 'keywords': u'waist chain', 'group_id': 37L}
INFO:root:set([36L])
INFO:root:-------------------- New Search Query ------------------------
INFO:root:{'lang': u'en', 'keywords_id': 234L, 'group_name': u'Bodybijou', 'results_per_page': 10L, 'results_cnt': 100L, 'tld': u'com', 'keywords': u'body chains', 'group_id': 37L}
INFO:root:set([36L])
INFO:root:-------------------- New Search Query ------------------------
INFO:root:{'lang': u'en', 'keywords_id': 188L, 'group_name': u'Autoglassrepairs', 'results_per_page': 10L, 'results_cnt': 100L, 'tld': u'ca', 'keywords': u'AutoGlass Repair Toronto', 'group_id': 33L}
INFO:root:set([32L])
INFO:root:Rank found for site http://autoglassrepairs.ca: rank - 7, link -  http://autoglassrepairs.ca/
INFO:root:-------------------- New Search Query ------------------------
INFO:root:{'lang': u'en', 'keywords_id': 245L, 'group_name': u'Bodybijou', 'results_per_page': 10L, 'results_cnt': 100L, 'tld': u'com', 'keywords': u'shoulder necklace', 'group_id': 37L}
INFO:root:set([36L])
INFO:root:-------------------- New Search Query ------------------------
INFO:root:{'lang': u'en', 'keywords_id': 198L, 'group_name': u'Brinkleydentalgroup', 'results_per_page': 10L, 'results_cnt': 100L, 'tld': u'com', 'keywords': u'dentist in brampton', 'group_id': 34L}
INFO:root:set([33L])
INFO:root:-------------------- New Search Query ------------------------
INFO:root:{'lang': u'en', 'keywords_id': 218L, 'group_name': u'Ccproducts', 'results_per_page': 10L, 'results_cnt': 100L, 'tld': u'ca', 'keywords': u'liquid de-icer', 'group_id': 36L}
INFO:root:set([35L])
INFO:root:-------------------- New Search Query ------------------------
INFO:root:{'lang': u'en', 'keywords_id': 229L, 'group_name': u'Bodybijou', 'results_per_page': 10L, 'results_cnt': 100L, 'tld': u'com', 'keywords': u'belly chain', 'group_id': 37L}
INFO:root:set([36L])
INFO:root:-------------------- New Search Query ------------------------
INFO:root:{'lang': u'en', 'keywords_id': 232L, 'group_name': u'Bodybijou', 'results_per_page': 10L, 'results_cnt': 100L, 'tld': u'com', 'keywords': u'body chain jewelry', 'group_id': 37L}
INFO:root:set([36L])
INFO:root:-------------------- New Search Query ------------------------
INFO:root:{'lang': u'en', 'keywords_id': 226L, 'group_name': u'Ccproducts', 'results_per_page': 10L, 'results_cnt': 100L, 'tld': u'ca', 'keywords': u'stone veneer panels', 'group_id': 36L}
INFO:root:set([35L])
INFO:root:-------------------- New Search Query ------------------------
INFO:root:{'lang': u'en', 'keywords_id': 240L, 'group_name': u'Bodybijou', 'results_per_page': 10L, 'results_cnt': 100L, 'tld': u'com', 'keywords': u'handmade jewelry', 'group_id': 37L}
INFO:root:set([36L])
INFO:root:-------------------- New Search Query ------------------------
INFO:root:{'lang': u'en', 'keywords_id': 261L, 'group_name': u'Aroundafricasafari', 'results_per_page': 10L, 'results_cnt': 100L, 'tld': u'com', 'keywords': u'Uganda Safaris', 'group_id': 39L}
INFO:root:set([38L])
INFO:root:Rank found for site http://aroundafricasafari.com: rank - 60, link -  http://aroundafricasafari.com/
INFO:root:-------------------- New Search Query ------------------------
INFO:root:{'lang': u'en', 'keywords_id': 223L, 'group_name': u'Ccproducts', 'results_per_page': 10L, 'results_cnt': 100L, 'tld': u'ca', 'keywords': u'natural stone toronto', 'group_id': 36L}
INFO:root:set([35L])
INFO:root:-------------------- New Search Query ------------------------
INFO:root:{'lang': u'en', 'keywords_id': 255L, 'group_name': u'Aroundafricasafari', 'results_per_page': 10L, 'results_cnt': 100L, 'tld': u'com', 'keywords': u'African Safaris', 'group_id': 39L}
INFO:root:set([38L])
INFO:root:-------------------- New Search Query ------------------------
INFO:root:{'lang': u'en', 'keywords_id': 241L, 'group_name': u'Bodybijou', 'results_per_page': 10L, 'results_cnt': 100L, 'tld': u'com', 'keywords': u'jewelry online', 'group_id': 37L}
INFO:root:set([36L])
INFO:root:-------------------- New Search Query ------------------------
INFO:root:{'lang': u'en', 'keywords_id': 251L, 'group_name': u'Bountifulfruitarrangements', 'results_per_page': 10L, 'results_cnt': 100L, 'tld': u'com', 'keywords': u'fresh fruit basket', 'group_id': 38L}
INFO:root:set([37L])
INFO:root:-------------------- New Search Query ------------------------
INFO:root:{'lang': u'en', 'keywords_id': 204L, 'group_name': u'Ashlarlandscapes', 'results_per_page': 10L, 'results_cnt': 100L, 'tld': u'com', 'keywords': u'landscape design', 'group_id': 35L}
INFO:root:set([34L])
INFO:root:-------------------- New Search Query ------------------------
INFO:root:{'lang': u'en', 'keywords_id': 248L, 'group_name': u'Bodybijou', 'results_per_page': 10L, 'results_cnt': 100L, 'tld': u'com', 'keywords': u'waist chains', 'group_id': 37L}
INFO:root:set([36L])
INFO:root:-------------------- New Search Query ------------------------
INFO:root:{'lang': u'en', 'keywords_id': 212L, 'group_name': u'Ashlarlandscapes', 'results_per_page': 10L, 'results_cnt': 100L, 'tld': u'com', 'keywords': u'snow removal service oakville', 'group_id': 35L}
INFO:root:set([34L])
INFO:root:-------------------- New Search Query ------------------------
INFO:root:{'lang': u'en', 'keywords_id': 253L, 'group_name': u'Bountifulfruitarrangements', 'results_per_page': 10L, 'results_cnt': 100L, 'tld': u'com', 'keywords': u'fruit bouquets', 'group_id': 38L}
INFO:root:set([37L])
INFO:root:-------------------- New Search Query ------------------------
INFO:root:{'lang': u'en', 'keywords_id': 260L, 'group_name': u'Aroundafricasafari', 'results_per_page': 10L, 'results_cnt': 100L, 'tld': u'com', 'keywords': u'Safari Tours Uganda', 'group_id': 39L}
INFO:root:set([38L])
INFO:root:Rank found for site http://aroundafricasafari.com: rank - 53, link -  http://aroundafricasafari.com/
INFO:root:-------------------- New Search Query ------------------------
INFO:root:{'lang': u'en', 'keywords_id': 228L, 'group_name': u'Ccproducts', 'results_per_page': 10L, 'results_cnt': 100L, 'tld': u'ca', 'keywords': u'winter products ', 'group_id': 36L}
INFO:root:set([35L])
INFO:root:-------------------- New Search Query ------------------------
INFO:root:{'lang': u'en', 'keywords_id': 233L, 'group_name': u'Bodybijou', 'results_per_page': 10L, 'results_cnt': 100L, 'tld': u'com', 'keywords': u'body chain necklace', 'group_id': 37L}
INFO:root:set([36L])
INFO:root:-------------------- New Search Query ------------------------
INFO:root:{'lang': u'en', 'keywords_id': 197L, 'group_name': u'Brinkleydentalgroup', 'results_per_page': 10L, 'results_cnt': 100L, 'tld': u'com', 'keywords': u'dentist brampton', 'group_id': 34L}
INFO:root:set([33L])
INFO:root:-------------------- New Search Query ------------------------
INFO:root:{'lang': u'en', 'keywords_id': 211L, 'group_name': u'Ashlarlandscapes', 'results_per_page': 10L, 'results_cnt': 100L, 'tld': u'com', 'keywords': u'snow removal burlington', 'group_id': 35L}
INFO:root:set([34L])
INFO:root:-------------------- New Search Query ------------------------
INFO:root:{'lang': u'en', 'keywords_id': 214L, 'group_name': u'Ccproducts', 'results_per_page': 10L, 'results_cnt': 100L, 'tld': u'ca', 'keywords': u'concrete sealer', 'group_id': 36L}
INFO:root:set([35L])
INFO:root:-------------------- New Search Query ------------------------
INFO:root:{'lang': u'en', 'keywords_id': 190L, 'group_name': u'Autoglassrepairs', 'results_per_page': 10L, 'results_cnt': 100L, 'tld': u'ca', 'keywords': u'AutoGlass Toronto', 'group_id': 33L}
INFO:root:set([32L])
INFO:root:Rank found for site http://autoglassrepairs.ca: rank - 4, link -  http://autoglassrepairs.ca/
INFO:root:-------------------- New Search Query ------------------------
INFO:root:{'lang': u'en', 'keywords_id': 258L, 'group_name': u'Aroundafricasafari', 'results_per_page': 10L, 'results_cnt': 100L, 'tld': u'com', 'keywords': u'Safaris in Africa', 'group_id': 39L}
INFO:root:set([38L])
INFO:root:-------------------- New Search Query ------------------------
INFO:root:{'lang': u'en', 'keywords_id': 259L, 'group_name': u'Aroundafricasafari', 'results_per_page': 10L, 'results_cnt': 100L, 'tld': u'com', 'keywords': u'Safaris in Uganda', 'group_id': 39L}
INFO:root:set([38L])
INFO:root:Rank found for site http://aroundafricasafari.com: rank - 63, link -  http://aroundafricasafari.com/
INFO:root:-------------------- New Search Query ------------------------
INFO:root:{'lang': u'en', 'keywords_id': 205L, 'group_name': u'Ashlarlandscapes', 'results_per_page': 10L, 'results_cnt': 100L, 'tld': u'com', 'keywords': u'landscaping', 'group_id': 35L}
INFO:root:set([34L])
INFO:root:-------------------- New Search Query ------------------------
INFO:root:{'lang': u'en', 'keywords_id': 222L, 'group_name': u'Ccproducts', 'results_per_page': 10L, 'results_cnt': 100L, 'tld': u'ca', 'keywords': u'natural stone sealer', 'group_id': 36L}
INFO:root:set([35L])
INFO:root:-------------------- New Search Query ------------------------
INFO:root:{'lang': u'en', 'keywords_id': 230L, 'group_name': u'Bodybijou', 'results_per_page': 10L, 'results_cnt': 100L, 'tld': u'com', 'keywords': u'belly chains', 'group_id': 37L}
INFO:root:set([36L])
INFO:root:-------------------- New Search Query ------------------------
INFO:root:{'lang': u'en', 'keywords_id': 217L, 'group_name': u'Ccproducts', 'results_per_page': 10L, 'results_cnt': 100L, 'tld': u'ca', 'keywords': u'expansion joint filler', 'group_id': 36L}
INFO:root:set([35L])
INFO:root:-------------------- New Search Query ------------------------
INFO:root:{'lang': u'en', 'keywords_id': 237L, 'group_name': u'Bodybijou', 'results_per_page': 10L, 'results_cnt': 100L, 'tld': u'com', 'keywords': u'bracelet with ring', 'group_id': 37L}
INFO:root:set([36L])
INFO:root:-------------------- New Search Query ------------------------
INFO:root:{'lang': u'en', 'keywords_id': 239L, 'group_name': u'Bodybijou', 'results_per_page': 10L, 'results_cnt': 100L, 'tld': u'com', 'keywords': u'finger bracelet', 'group_id': 37L}
INFO:root:set([36L])
INFO:root:-------------------- New Search Query ------------------------
INFO:root:{'lang': u'en', 'keywords_id': 187L, 'group_name': u'Autoglassrepairs', 'results_per_page': 10L, 'results_cnt': 100L, 'tld': u'ca', 'keywords': u'Auto Glass Repair Toronto', 'group_id': 33L}
INFO:root:set([32L])
INFO:root:Rank found for site http://autoglassrepairs.ca: rank - 7, link -  http://autoglassrepairs.ca/
INFO:root:-------------------- New Search Query ------------------------
INFO:root:{'lang': u'en', 'keywords_id': 209L, 'group_name': u'Ashlarlandscapes', 'results_per_page': 10L, 'results_cnt': 100L, 'tld': u'com', 'keywords': u'oakville landscaping company', 'group_id': 35L}
INFO:root:set([34L])
INFO:root:-------------------- New Search Query ------------------------
INFO:root:{'lang': u'en', 'keywords_id': 249L, 'group_name': u'Bountifulfruitarrangements', 'results_per_page': 10L, 'results_cnt': 100L, 'tld': u'com', 'keywords': u'edible arrangements', 'group_id': 38L}
INFO:root:set([37L])
INFO:root:-------------------- New Search Query ------------------------
INFO:root:{'lang': u'en', 'keywords_id': 236L, 'group_name': u'Bodybijou', 'results_per_page': 10L, 'results_cnt': 100L, 'tld': u'com', 'keywords': u'body necklace', 'group_id': 37L}
INFO:root:set([36L])
INFO:root:
INFO:root:START GOOGLE SCRAPING Jun 06, 2014, 03:43:02:068000 PM
INFO:root:
INFO:root:-------------------- New Search Query ------------------------
INFO:root:{'lang': u'en', 'keywords_id': 239L, 'group_name': u'Bodybijou', 'results_per_page': 10L, 'results_cnt': 100L, 'tld': u'com', 'keywords': u'finger bracelet', 'group_id': 37L}
INFO:root:set([36L])
INFO:root:-------------------- New Search Query ------------------------
INFO:root:{'lang': u'en', 'keywords_id': 214L, 'group_name': u'Ccproducts', 'results_per_page': 10L, 'results_cnt': 100L, 'tld': u'ca', 'keywords': u'concrete sealer', 'group_id': 36L}
INFO:root:set([35L])
INFO:root:-------------------- New Search Query ------------------------
INFO:root:{'lang': u'en', 'keywords_id': 252L, 'group_name': u'Bountifulfruitarrangements', 'results_per_page': 10L, 'results_cnt': 100L, 'tld': u'com', 'keywords': u'Fruit Baskets Toronto', 'group_id': 38L}
INFO:root:set([37L])
INFO:root:-------------------- New Search Query ------------------------
INFO:root:{'lang': u'en', 'keywords_id': 201L, 'group_name': u'Ashlarlandscapes', 'results_per_page': 10L, 'results_cnt': 100L, 'tld': u'com', 'keywords': u'backyard design', 'group_id': 35L}
INFO:root:set([34L])
INFO:root:-------------------- New Search Query ------------------------
INFO:root:{'lang': u'en', 'keywords_id': 205L, 'group_name': u'Ashlarlandscapes', 'results_per_page': 10L, 'results_cnt': 100L, 'tld': u'com', 'keywords': u'landscaping', 'group_id': 35L}
INFO:root:set([34L])
INFO:root:-------------------- New Search Query ------------------------
INFO:root:{'lang': u'en', 'keywords_id': 250L, 'group_name': u'Bountifulfruitarrangements', 'results_per_page': 10L, 'results_cnt': 100L, 'tld': u'com', 'keywords': u'edible fruit arrangements', 'group_id': 38L}
INFO:root:set([37L])
INFO:root:-------------------- New Search Query ------------------------
INFO:root:{'lang': u'en', 'keywords_id': 189L, 'group_name': u'Autoglassrepairs', 'results_per_page': 10L, 'results_cnt': 100L, 'tld': u'ca', 'keywords': u'Auto Glass Toronto', 'group_id': 33L}
INFO:root:set([32L])
INFO:root:Rank found for site http://autoglassrepairs.ca: rank - 6, link -  http://autoglassrepairs.ca/
INFO:root:-------------------- New Search Query ------------------------
INFO:root:{'lang': u'en', 'keywords_id': 260L, 'group_name': u'Aroundafricasafari', 'results_per_page': 10L, 'results_cnt': 100L, 'tld': u'com', 'keywords': u'Safari Tours Uganda', 'group_id': 39L}
INFO:root:set([38L])
INFO:root:Rank found for site http://aroundafricasafari.com: rank - 53, link -  http://aroundafricasafari.com/
INFO:root:-------------------- New Search Query ------------------------
INFO:root:{'lang': u'en', 'keywords_id': 210L, 'group_name': u'Ashlarlandscapes', 'results_per_page': 10L, 'results_cnt': 100L, 'tld': u'com', 'keywords': u'snow and ice removal', 'group_id': 35L}
INFO:root:set([34L])
INFO:root:-------------------- New Search Query ------------------------
INFO:root:{'lang': u'en', 'keywords_id': 234L, 'group_name': u'Bodybijou', 'results_per_page': 10L, 'results_cnt': 100L, 'tld': u'com', 'keywords': u'body chains', 'group_id': 37L}
INFO:root:set([36L])
INFO:root:-------------------- New Search Query ------------------------
INFO:root:{'lang': u'en', 'keywords_id': 258L, 'group_name': u'Aroundafricasafari', 'results_per_page': 10L, 'results_cnt': 100L, 'tld': u'com', 'keywords': u'Safaris in Africa', 'group_id': 39L}
INFO:root:set([38L])
INFO:root:-------------------- New Search Query ------------------------
INFO:root:{'lang': u'en', 'keywords_id': 241L, 'group_name': u'Bodybijou', 'results_per_page': 10L, 'results_cnt': 100L, 'tld': u'com', 'keywords': u'jewelry online', 'group_id': 37L}
INFO:root:set([36L])
INFO:root:-------------------- New Search Query ------------------------
INFO:root:{'lang': u'en', 'keywords_id': 187L, 'group_name': u'Autoglassrepairs', 'results_per_page': 10L, 'results_cnt': 100L, 'tld': u'ca', 'keywords': u'Auto Glass Repair Toronto', 'group_id': 33L}
INFO:root:set([32L])
INFO:root:Rank found for site http://autoglassrepairs.ca: rank - 7, link -  http://autoglassrepairs.ca/
INFO:root:-------------------- New Search Query ------------------------
INFO:root:{'lang': u'en', 'keywords_id': 226L, 'group_name': u'Ccproducts', 'results_per_page': 10L, 'results_cnt': 100L, 'tld': u'ca', 'keywords': u'stone veneer panels', 'group_id': 36L}
INFO:root:set([35L])
INFO:root:-------------------- New Search Query ------------------------
INFO:root:{'lang': u'en', 'keywords_id': 228L, 'group_name': u'Ccproducts', 'results_per_page': 10L, 'results_cnt': 100L, 'tld': u'ca', 'keywords': u'winter products ', 'group_id': 36L}
INFO:root:set([35L])
INFO:root:-------------------- New Search Query ------------------------
INFO:root:{'lang': u'en', 'keywords_id': 255L, 'group_name': u'Aroundafricasafari', 'results_per_page': 10L, 'results_cnt': 100L, 'tld': u'com', 'keywords': u'African Safaris', 'group_id': 39L}
INFO:root:set([38L])
INFO:root:-------------------- New Search Query ------------------------
INFO:root:{'lang': u'en', 'keywords_id': 202L, 'group_name': u'Ashlarlandscapes', 'results_per_page': 10L, 'results_cnt': 100L, 'tld': u'com', 'keywords': u'burlington landscaping', 'group_id': 35L}
INFO:root:set([34L])
INFO:root:-------------------- New Search Query ------------------------
INFO:root:{'lang': u'en', 'keywords_id': 235L, 'group_name': u'Bodybijou', 'results_per_page': 10L, 'results_cnt': 100L, 'tld': u'com', 'keywords': u'body jewelry', 'group_id': 37L}
INFO:root:set([36L])
INFO:root:-------------------- New Search Query ------------------------
INFO:root:{'lang': u'en', 'keywords_id': 240L, 'group_name': u'Bodybijou', 'results_per_page': 10L, 'results_cnt': 100L, 'tld': u'com', 'keywords': u'handmade jewelry', 'group_id': 37L}
INFO:root:set([36L])
INFO:root:-------------------- New Search Query ------------------------
INFO:root:{'lang': u'en', 'keywords_id': 238L, 'group_name': u'Bodybijou', 'results_per_page': 10L, 'results_cnt': 100L, 'tld': u'com', 'keywords': u'bracelet with ring attached', 'group_id': 37L}
INFO:root:set([36L])
INFO:root:-------------------- New Search Query ------------------------
INFO:root:{'lang': u'en', 'keywords_id': 262L, 'group_name': u'Aroundafricasafari', 'results_per_page': 10L, 'results_cnt': 100L, 'tld': u'com', 'keywords': u'Uganda Safari Tours ', 'group_id': 39L}
INFO:root:set([38L])
INFO:root:Rank found for site http://aroundafricasafari.com: rank - 96, link -  http://aroundafricasafari.com/
INFO:root:-------------------- New Search Query ------------------------
INFO:root:{'lang': u'en', 'keywords_id': 194L, 'group_name': u'Autoglassrepairs', 'results_per_page': 10L, 'results_cnt': 100L, 'tld': u'ca', 'keywords': u'Toronto AutoGlass Repair', 'group_id': 33L}
INFO:root:set([32L])
INFO:root:Rank found for site http://autoglassrepairs.ca: rank - 9, link -  http://autoglassrepairs.ca/
INFO:root:-------------------- New Search Query ------------------------
INFO:root:{'lang': u'en', 'keywords_id': 261L, 'group_name': u'Aroundafricasafari', 'results_per_page': 10L, 'results_cnt': 100L, 'tld': u'com', 'keywords': u'Uganda Safaris', 'group_id': 39L}
INFO:root:set([38L])
INFO:root:Rank found for site http://aroundafricasafari.com: rank - 61, link -  http://aroundafricasafari.com/
INFO:root:-------------------- New Search Query ------------------------
INFO:root:{'lang': u'en', 'keywords_id': 197L, 'group_name': u'Brinkleydentalgroup', 'results_per_page': 10L, 'results_cnt': 100L, 'tld': u'com', 'keywords': u'dentist brampton', 'group_id': 34L}
INFO:root:set([33L])
INFO:root:-------------------- New Search Query ------------------------
INFO:root:{'lang': u'en', 'keywords_id': 199L, 'group_name': u'Brinkleydentalgroup', 'results_per_page': 10L, 'results_cnt': 100L, 'tld': u'com', 'keywords': u'dentists in brampton', 'group_id': 34L}
INFO:root:set([33L])
INFO:root:-------------------- New Search Query ------------------------
INFO:root:{'lang': u'en', 'keywords_id': 213L, 'group_name': u'Ccproducts', 'results_per_page': 10L, 'results_cnt': 100L, 'tld': u'ca', 'keywords': u'concrete expansion joint filler', 'group_id': 36L}
INFO:root:set([35L])
INFO:root:-------------------- New Search Query ------------------------
INFO:root:{'lang': u'en', 'keywords_id': 207L, 'group_name': u'Ashlarlandscapes', 'results_per_page': 10L, 'results_cnt': 100L, 'tld': u'com', 'keywords': u'mississauga landscaping', 'group_id': 35L}
INFO:root:set([34L])
INFO:root:-------------------- New Search Query ------------------------
INFO:root:{'lang': u'en', 'keywords_id': 232L, 'group_name': u'Bodybijou', 'results_per_page': 10L, 'results_cnt': 100L, 'tld': u'com', 'keywords': u'body chain jewelry', 'group_id': 37L}
INFO:root:set([36L])
INFO:root:-------------------- New Search Query ------------------------
INFO:root:{'lang': u'en', 'keywords_id': 243L, 'group_name': u'Bodybijou', 'results_per_page': 10L, 'results_cnt': 100L, 'tld': u'com', 'keywords': u'ringalet', 'group_id': 37L}
INFO:root:set([36L])
INFO:root:-------------------- New Search Query ------------------------
INFO:root:{'lang': u'en', 'keywords_id': 257L, 'group_name': u'Aroundafricasafari', 'results_per_page': 10L, 'results_cnt': 100L, 'tld': u'com', 'keywords': u'Africa Safaris', 'group_id': 39L}
INFO:root:set([38L])
INFO:root:
INFO:root:START GOOGLE SCRAPING Jun 06, 2014, 05:23:26:157000 PM
INFO:root:
INFO:root:-------------------- New Search Query ------------------------
INFO:root:{'lang': u'en', 'keywords_id': 259L, 'group_name': u'Aroundafricasafari', 'results_per_page': 10L, 'results_cnt': 100L, 'tld': u'com', 'keywords': u'Safaris in Uganda', 'group_id': 39L}
INFO:root:set([38L])
